2026-03-06T04:08:47.815+05:30  INFO 5320 --- [restartedMain] o.r.revconnect.RevconnectApplication     : Starting RevconnectApplication using Java 21.0.10 with PID 5320 (C:\Users\navee\OneDrive\Desktop\Git FOlder\REVCONNECT\target\classes started by navee in C:\Users\navee\OneDrive\Desktop\Git FOlder\REVCONNECT)
2026-03-06T04:08:47.817+05:30 DEBUG 5320 --- [restartedMain] o.r.revconnect.RevconnectApplication     : Running with Spring Boot v3.2.2, Spring v6.1.3
2026-03-06T04:08:47.817+05:30  INFO 5320 --- [restartedMain] o.r.revconnect.RevconnectApplication     : No active profile set, falling back to 1 default profile: "default"
2026-03-06T04:08:47.881+05:30  INFO 5320 --- [restartedMain] .e.DevToolsPropertyDefaultsPostProcessor : Devtools property defaults active! Set 'spring.devtools.add-properties' to 'false' to disable
2026-03-06T04:08:47.882+05:30  INFO 5320 --- [restartedMain] .e.DevToolsPropertyDefaultsPostProcessor : For additional web related logging consider setting the 'logging.level.web' property to 'DEBUG'
2026-03-06T04:08:49.152+05:30  INFO 5320 --- [restartedMain] .s.d.r.c.RepositoryConfigurationDelegate : Bootstrapping Spring Data JPA repositories in DEFAULT mode.
2026-03-06T04:08:49.260+05:30  INFO 5320 --- [restartedMain] .s.d.r.c.RepositoryConfigurationDelegate : Finished Spring Data repository scanning in 98 ms. Found 17 JPA repository interfaces.
2026-03-06T04:08:50.201+05:30  INFO 5320 --- [restartedMain] o.s.b.w.embedded.tomcat.TomcatWebServer  : Tomcat initialized with port 8080 (http)
2026-03-06T04:08:50.218+05:30  INFO 5320 --- [restartedMain] o.apache.catalina.core.StandardService   : Starting service [Tomcat]
2026-03-06T04:08:50.219+05:30  INFO 5320 --- [restartedMain] o.apache.catalina.core.StandardEngine    : Starting Servlet engine: [Apache Tomcat/10.1.18]
2026-03-06T04:08:50.273+05:30  INFO 5320 --- [restartedMain] o.a.c.c.C.[Tomcat].[localhost].[/]       : Initializing Spring embedded WebApplicationContext
2026-03-06T04:08:50.273+05:30  INFO 5320 --- [restartedMain] w.s.c.ServletWebServerApplicationContext : Root WebApplicationContext: initialization completed in 2391 ms
2026-03-06T04:08:50.492+05:30  INFO 5320 --- [restartedMain] o.hibernate.jpa.internal.util.LogHelper  : HHH000204: Processing PersistenceUnitInfo [name: default]
2026-03-06T04:08:50.594+05:30  INFO 5320 --- [restartedMain] org.hibernate.Version                    : HHH000412: Hibernate ORM core version 6.4.1.Final
2026-03-06T04:08:50.635+05:30  INFO 5320 --- [restartedMain] o.h.c.internal.RegionFactoryInitiator    : HHH000026: Second-level cache disabled
2026-03-06T04:08:50.947+05:30  INFO 5320 --- [restartedMain] o.s.o.j.p.SpringPersistenceUnitInfo      : No LoadTimeWeaver setup: ignoring JPA class transformer
2026-03-06T04:08:50.981+05:30  INFO 5320 --- [restartedMain] com.zaxxer.hikari.HikariDataSource       : HikariPool-1 - Starting...
2026-03-06T04:08:51.535+05:30  INFO 5320 --- [restartedMain] com.zaxxer.hikari.pool.HikariPool        : HikariPool-1 - Added connection com.mysql.cj.jdbc.ConnectionImpl@42c3de30
2026-03-06T04:08:51.537+05:30  INFO 5320 --- [restartedMain] com.zaxxer.hikari.HikariDataSource       : HikariPool-1 - Start completed.
2026-03-06T04:08:51.627+05:30  WARN 5320 --- [restartedMain] org.hibernate.orm.deprecation            : HHH90000025: MySQLDialect does not need to be specified explicitly using 'hibernate.dialect' (remove the property setting and it will be selected by default)
2026-03-06T04:08:53.082+05:30  INFO 5320 --- [restartedMain] o.h.e.t.j.p.i.JtaPlatformInitiator       : HHH000489: No JTA platform available (set 'hibernate.transaction.jta.platform' to enable JTA platform integration)
2026-03-06T04:08:53.874+05:30  INFO 5320 --- [restartedMain] j.LocalContainerEntityManagerFactoryBean : Initialized JPA EntityManagerFactory for persistence unit 'default'
2026-03-06T04:08:54.177+05:30  INFO 5320 --- [restartedMain] o.s.d.j.r.query.QueryEnhancerFactory     : Hibernate is in classpath; If applicable, HQL parser will be used.
2026-03-06T04:08:55.093+05:30 DEBUG 5320 --- [restartedMain] o.r.r.security.JwtAuthenticationFilter   : Filter 'jwtAuthenticationFilter' configured for use
2026-03-06T04:08:56.432+05:30  WARN 5320 --- [restartedMain] JpaBaseConfiguration$JpaWebConfiguration : spring.jpa.open-in-view is enabled by default. Therefore, database queries may be performed during view rendering. Explicitly configure spring.jpa.open-in-view to disable this warning
2026-03-06T04:08:56.910+05:30  INFO 5320 --- [restartedMain] o.s.s.web.DefaultSecurityFilterChain     : Will secure any request with [org.springframework.security.web.session.DisableEncodeUrlFilter@48a1b8c6, org.springframework.security.web.context.request.async.WebAsyncManagerIntegrationFilter@10ca4ca9, org.springframework.security.web.context.SecurityContextHolderFilter@876f6b0, org.springframework.security.web.header.HeaderWriterFilter@4e602c3b, org.springframework.web.filter.CorsFilter@7bd69409, org.springframework.security.web.authentication.logout.LogoutFilter@7e9fd7b7, org.revature.revconnect.security.JwtAuthenticationFilter@87c0036, org.springframework.security.web.savedrequest.RequestCacheAwareFilter@72faa85c, org.springframework.security.web.servletapi.SecurityContextHolderAwareRequestFilter@56be8c94, org.springframework.security.web.authentication.AnonymousAuthenticationFilter@58e58725, org.springframework.security.web.session.SessionManagementFilter@4d2d1f47, org.springframework.security.web.access.ExceptionTranslationFilter@1bbcce53, org.springframework.security.web.access.intercept.AuthorizationFilter@379b8d94]
2026-03-06T04:08:57.382+05:30  INFO 5320 --- [restartedMain] o.s.b.d.a.OptionalLiveReloadServer       : LiveReload server is running on port 35729
2026-03-06T04:08:57.421+05:30  INFO 5320 --- [restartedMain] o.s.b.w.embedded.tomcat.TomcatWebServer  : Tomcat started on port 8080 (http) with context path ''
2026-03-06T04:08:57.423+05:30  INFO 5320 --- [restartedMain] o.s.m.s.b.SimpleBrokerMessageHandler     : Starting...
2026-03-06T04:08:57.424+05:30  INFO 5320 --- [restartedMain] o.s.m.s.b.SimpleBrokerMessageHandler     : BrokerAvailabilityEvent[available=true, SimpleBrokerMessageHandler [org.springframework.messaging.simp.broker.DefaultSubscriptionRegistry@703749d3]]
2026-03-06T04:08:57.425+05:30  INFO 5320 --- [restartedMain] o.s.m.s.b.SimpleBrokerMessageHandler     : Started.
2026-03-06T04:08:57.432+05:30  INFO 5320 --- [restartedMain] o.r.revconnect.RevconnectApplication     : Started RevconnectApplication in 10.163 seconds (process running for 10.977)
2026-03-06T04:09:57.415+05:30  INFO 5320 --- [MessageBroker-1] o.s.w.s.c.WebSocketMessageBrokerStats    : WebSocketSession[0 current WS(0)-HttpStream(0)-HttpPoll(0), 0 total, 0 closed abnormally (0 connect failure, 0 send limit, 0 transport error)], stompSubProtocol[processed CONNECT(0)-CONNECTED(0)-DISCONNECT(0)], stompBrokerRelay[null], inboundChannel[pool size = 0, active threads = 0, queued tasks = 0, completed tasks = 0], outboundChannel[pool size = 0, active threads = 0, queued tasks = 0, completed tasks = 0], sockJsScheduler[pool size = 1, active threads = 1, queued tasks = 0, completed tasks = 0]
2026-03-06T04:10:06.435+05:30  INFO 5320 --- [http-nio-8080-exec-1] o.a.c.c.C.[Tomcat].[localhost].[/]       : Initializing Spring DispatcherServlet 'dispatcherServlet'
2026-03-06T04:10:06.436+05:30  INFO 5320 --- [http-nio-8080-exec-1] o.s.web.servlet.DispatcherServlet        : Initializing Servlet 'dispatcherServlet'
2026-03-06T04:10:06.438+05:30  INFO 5320 --- [http-nio-8080-exec-1] o.s.web.servlet.DispatcherServlet        : Completed initialization in 2 ms
2026-03-06T04:10:06.473+05:30 DEBUG 5320 --- [http-nio-8080-exec-1] o.s.security.web.FilterChainProxy        : Securing POST /api/auth/register
2026-03-06T04:10:06.495+05:30 DEBUG 5320 --- [http-nio-8080-exec-1] o.s.s.w.a.AnonymousAuthenticationFilter  : Set SecurityContextHolder to anonymous SecurityContext
2026-03-06T04:10:06.499+05:30 DEBUG 5320 --- [http-nio-8080-exec-1] o.s.security.web.FilterChainProxy        : Secured POST /api/auth/register
2026-03-06T04:10:06.801+05:30  INFO 5320 --- [http-nio-8080-exec-1] o.r.r.controller.AuthController          : Registration request received for username: vamsi_mangapathi
2026-03-06T04:10:06.817+05:30  INFO 5320 --- [http-nio-8080-exec-1] o.r.revconnect.service.AuthService       : Registering new user with username: vamsi_mangapathi
2026-03-06T04:10:07.305+05:30  INFO 5320 --- [http-nio-8080-exec-1] o.r.revconnect.service.AuthService       : User registered successfully with ID: 1
2026-03-06T04:10:07.716+05:30  INFO 5320 --- [http-nio-8080-exec-1] o.r.r.controller.AuthController          : User registered successfully: vamsi_mangapathi
2026-03-06T04:10:15.906+05:30 DEBUG 5320 --- [http-nio-8080-exec-2] o.s.security.web.FilterChainProxy        : Securing POST /api/auth/login
2026-03-06T04:10:15.908+05:30 DEBUG 5320 --- [http-nio-8080-exec-2] o.s.s.w.a.AnonymousAuthenticationFilter  : Set SecurityContextHolder to anonymous SecurityContext
2026-03-06T04:10:15.909+05:30 DEBUG 5320 --- [http-nio-8080-exec-2] o.s.security.web.FilterChainProxy        : Secured POST /api/auth/login
2026-03-06T04:10:15.928+05:30  INFO 5320 --- [http-nio-8080-exec-2] o.r.r.controller.AuthController          : Login attempt for: vamsi_mangapathi
2026-03-06T04:10:15.928+05:30  INFO 5320 --- [http-nio-8080-exec-2] o.r.revconnect.service.AuthService       : Attempting login for user: vamsi_mangapathi
2026-03-06T04:10:16.121+05:30 DEBUG 5320 --- [http-nio-8080-exec-2] o.r.r.service.CustomUserDetailsService   : Loading user by username or email: vamsi_mangapathi
2026-03-06T04:10:16.418+05:30 DEBUG 5320 --- [http-nio-8080-exec-2] o.s.s.a.dao.DaoAuthenticationProvider    : Authenticated user
2026-03-06T04:10:16.420+05:30  INFO 5320 --- [http-nio-8080-exec-2] o.r.revconnect.service.AuthService       : User logged in successfully: vamsi_mangapathi
2026-03-06T04:10:16.420+05:30  INFO 5320 --- [http-nio-8080-exec-2] o.r.r.controller.AuthController          : Login successful for user: vamsi_mangapathi
2026-03-06T04:10:16.736+05:30 DEBUG 5320 --- [http-nio-8080-exec-4] o.s.security.web.FilterChainProxy        : Securing GET /api/users/me
2026-03-06T04:10:16.736+05:30 DEBUG 5320 --- [http-nio-8080-exec-3] o.s.security.web.FilterChainProxy        : Securing GET /api/notifications/count
2026-03-06T04:10:16.736+05:30 DEBUG 5320 --- [http-nio-8080-exec-6] o.s.security.web.FilterChainProxy        : Securing GET /api/messages/unread/count
2026-03-06T04:10:16.738+05:30 DEBUG 5320 --- [http-nio-8080-exec-5] o.s.security.web.FilterChainProxy        : Securing GET /api/stories/feed
2026-03-06T04:10:16.809+05:30 DEBUG 5320 --- [http-nio-8080-exec-4] o.r.r.service.CustomUserDetailsService   : Loading user by username or email: vamsi_mangapathi
2026-03-06T04:10:16.809+05:30 DEBUG 5320 --- [http-nio-8080-exec-5] o.r.r.service.CustomUserDetailsService   : Loading user by username or email: vamsi_mangapathi
2026-03-06T04:10:16.809+05:30 DEBUG 5320 --- [http-nio-8080-exec-3] o.r.r.service.CustomUserDetailsService   : Loading user by username or email: vamsi_mangapathi
2026-03-06T04:10:16.809+05:30 DEBUG 5320 --- [http-nio-8080-exec-6] o.r.r.service.CustomUserDetailsService   : Loading user by username or email: vamsi_mangapathi
2026-03-06T04:10:16.887+05:30 DEBUG 5320 --- [http-nio-8080-exec-6] o.s.security.web.FilterChainProxy        : Secured GET /api/messages/unread/count
2026-03-06T04:10:16.889+05:30 DEBUG 5320 --- [http-nio-8080-exec-4] o.s.security.web.FilterChainProxy        : Secured GET /api/users/me
2026-03-06T04:10:16.889+05:30 DEBUG 5320 --- [http-nio-8080-exec-3] o.s.security.web.FilterChainProxy        : Secured GET /api/notifications/count
2026-03-06T04:10:16.889+05:30 DEBUG 5320 --- [http-nio-8080-exec-5] o.s.security.web.FilterChainProxy        : Secured GET /api/stories/feed
2026-03-06T04:10:16.890+05:30  INFO 5320 --- [http-nio-8080-exec-6] o.r.r.controller.MessageController       : Getting unread message count
2026-03-06T04:10:16.891+05:30  INFO 5320 --- [http-nio-8080-exec-3] o.r.r.controller.NotificationController  : Get unread count request
2026-03-06T04:10:16.891+05:30  INFO 5320 --- [http-nio-8080-exec-5] o.r.r.controller.StoryController         : Getting stories feed
2026-03-06T04:10:16.891+05:30  INFO 5320 --- [http-nio-8080-exec-4] o.r.r.controller.UserController          : Request to get current user profile
2026-03-06T04:10:16.891+05:30  INFO 5320 --- [http-nio-8080-exec-4] o.r.revconnect.service.UserService       : Fetching profile for user: vamsi_mangapathi
2026-03-06T04:10:16.903+05:30 DEBUG 5320 --- [http-nio-8080-exec-4] o.r.r.controller.UserController          : Profile retrieved for user: vamsi_mangapathi
2026-03-06T04:10:16.926+05:30  INFO 5320 --- [http-nio-8080-exec-3] o.r.r.service.NotificationService        : User vamsi_mangapathi has 0 unread notifications
2026-03-06T04:10:16.938+05:30 DEBUG 5320 --- [http-nio-8080-exec-7] o.s.security.web.FilterChainProxy        : Securing GET /api/users/me
2026-03-06T04:10:16.946+05:30  INFO 5320 --- [http-nio-8080-exec-5] o.r.revconnect.service.StoryService      : Fetching stories feed for 0 users
2026-03-06T04:10:16.949+05:30 DEBUG 5320 --- [http-nio-8080-exec-7] o.r.r.service.CustomUserDetailsService   : Loading user by username or email: vamsi_mangapathi
2026-03-06T04:10:16.995+05:30 DEBUG 5320 --- [http-nio-8080-exec-8] o.s.security.web.FilterChainProxy        : Securing GET /api/posts/feed/personalized?page=0&size=10
2026-03-06T04:10:16.996+05:30 DEBUG 5320 --- [http-nio-8080-exec-7] o.s.security.web.FilterChainProxy        : Secured GET /api/users/me
2026-03-06T04:10:16.997+05:30  INFO 5320 --- [http-nio-8080-exec-7] o.r.r.controller.UserController          : Request to get current user profile
2026-03-06T04:10:17.003+05:30  INFO 5320 --- [http-nio-8080-exec-7] o.r.revconnect.service.UserService       : Fetching profile for user: vamsi_mangapathi
2026-03-06T04:10:17.004+05:30 DEBUG 5320 --- [http-nio-8080-exec-7] o.r.r.controller.UserController          : Profile retrieved for user: vamsi_mangapathi
2026-03-06T04:10:17.005+05:30 DEBUG 5320 --- [http-nio-8080-exec-9] o.s.security.web.FilterChainProxy        : Securing GET /api/search/trending
2026-03-06T04:10:17.006+05:30 DEBUG 5320 --- [http-nio-8080-exec-10] o.s.security.web.FilterChainProxy        : Securing GET /api/notifications/count
2026-03-06T04:10:17.007+05:30 DEBUG 5320 --- [http-nio-8080-exec-8] o.r.r.service.CustomUserDetailsService   : Loading user by username or email: vamsi_mangapathi
2026-03-06T04:10:17.009+05:30 DEBUG 5320 --- [http-nio-8080-exec-9] o.r.r.service.CustomUserDetailsService   : Loading user by username or email: vamsi_mangapathi
2026-03-06T04:10:17.009+05:30 DEBUG 5320 --- [http-nio-8080-exec-10] o.r.r.service.CustomUserDetailsService   : Loading user by username or email: vamsi_mangapathi
2026-03-06T04:10:17.027+05:30 DEBUG 5320 --- [http-nio-8080-exec-1] o.s.security.web.FilterChainProxy        : Securing GET /api/stories
2026-03-06T04:10:17.028+05:30 DEBUG 5320 --- [http-nio-8080-exec-2] o.s.security.web.FilterChainProxy        : Securing GET /api/users/me
2026-03-06T04:10:17.030+05:30 DEBUG 5320 --- [http-nio-8080-exec-1] o.r.r.service.CustomUserDetailsService   : Loading user by username or email: vamsi_mangapathi
2026-03-06T04:10:17.030+05:30 DEBUG 5320 --- [http-nio-8080-exec-2] o.r.r.service.CustomUserDetailsService   : Loading user by username or email: vamsi_mangapathi
2026-03-06T04:10:17.034+05:30 DEBUG 5320 --- [http-nio-8080-exec-8] o.s.security.web.FilterChainProxy        : Secured GET /api/posts/feed/personalized?page=0&size=10
2026-03-06T04:10:17.037+05:30 DEBUG 5320 --- [http-nio-8080-exec-9] o.s.security.web.FilterChainProxy        : Secured GET /api/search/trending
2026-03-06T04:10:17.039+05:30  INFO 5320 --- [http-nio-8080-exec-9] o.r.r.controller.SearchController        : Getting trending searches
2026-03-06T04:10:17.041+05:30  INFO 5320 --- [http-nio-8080-exec-9] o.r.revconnect.service.HashtagService    : Fetching top 10 trending hashtags
2026-03-06T04:10:17.042+05:30 DEBUG 5320 --- [http-nio-8080-exec-10] o.s.security.web.FilterChainProxy        : Secured GET /api/notifications/count
2026-03-06T04:10:17.043+05:30  INFO 5320 --- [http-nio-8080-exec-10] o.r.r.controller.NotificationController  : Get unread count request
2026-03-06T04:10:17.044+05:30  INFO 5320 --- [http-nio-8080-exec-8] o.r.r.controller.PostController          : Get personalized feed request - page: 0, size: 10
2026-03-06T04:10:17.048+05:30 DEBUG 5320 --- [http-nio-8080-exec-2] o.s.security.web.FilterChainProxy        : Secured GET /api/users/me
2026-03-06T04:10:17.050+05:30  INFO 5320 --- [http-nio-8080-exec-2] o.r.r.controller.UserController          : Request to get current user profile
2026-03-06T04:10:17.050+05:30  INFO 5320 --- [http-nio-8080-exec-2] o.r.revconnect.service.UserService       : Fetching profile for user: vamsi_mangapathi
2026-03-06T04:10:17.051+05:30 DEBUG 5320 --- [http-nio-8080-exec-2] o.r.r.controller.UserController          : Profile retrieved for user: vamsi_mangapathi
2026-03-06T04:10:17.052+05:30 DEBUG 5320 --- [http-nio-8080-exec-1] o.s.security.web.FilterChainProxy        : Secured GET /api/stories
2026-03-06T04:10:17.055+05:30  INFO 5320 --- [http-nio-8080-exec-1] o.r.r.controller.StoryController         : Getting my stories
2026-03-06T04:10:17.055+05:30  INFO 5320 --- [http-nio-8080-exec-10] o.r.r.service.NotificationService        : User vamsi_mangapathi has 0 unread notifications
2026-03-06T04:10:17.055+05:30  INFO 5320 --- [http-nio-8080-exec-1] o.r.revconnect.service.StoryService      : Fetching active stories for user: vamsi_mangapathi
2026-03-06T04:10:17.107+05:30 DEBUG 5320 --- [http-nio-8080-exec-4] o.s.security.web.FilterChainProxy        : Securing GET /api/users/me
2026-03-06T04:10:17.111+05:30 DEBUG 5320 --- [http-nio-8080-exec-4] o.r.r.service.CustomUserDetailsService   : Loading user by username or email: vamsi_mangapathi
2026-03-06T04:10:17.135+05:30 DEBUG 5320 --- [http-nio-8080-exec-4] o.s.security.web.FilterChainProxy        : Secured GET /api/users/me
2026-03-06T04:10:17.136+05:30  INFO 5320 --- [http-nio-8080-exec-4] o.r.r.controller.UserController          : Request to get current user profile
2026-03-06T04:10:17.136+05:30  INFO 5320 --- [http-nio-8080-exec-4] o.r.revconnect.service.UserService       : Fetching profile for user: vamsi_mangapathi
2026-03-06T04:10:17.136+05:30 DEBUG 5320 --- [http-nio-8080-exec-4] o.r.r.controller.UserController          : Profile retrieved for user: vamsi_mangapathi
2026-03-06T04:10:45.037+05:30 DEBUG 5320 --- [http-nio-8080-exec-6] o.s.security.web.FilterChainProxy        : Securing POST /api/auth/forgot-password
2026-03-06T04:10:45.038+05:30 DEBUG 5320 --- [http-nio-8080-exec-6] o.s.s.w.a.AnonymousAuthenticationFilter  : Set SecurityContextHolder to anonymous SecurityContext
2026-03-06T04:10:45.040+05:30 DEBUG 5320 --- [http-nio-8080-exec-6] o.s.security.web.FilterChainProxy        : Secured POST /api/auth/forgot-password
2026-03-06T04:10:45.053+05:30  INFO 5320 --- [http-nio-8080-exec-6] o.r.r.controller.AuthController          : Forgot password request for email: vamcsiyadav1@gmail.com
2026-03-06T04:10:45.057+05:30  INFO 5320 --- [http-nio-8080-exec-6] o.r.revconnect.service.AuthService       : Processing forgot password request for email: vamcsiyadav1@gmail.com
2026-03-06T04:10:45.079+05:30  INFO 5320 --- [http-nio-8080-exec-6] o.r.revconnect.service.AuthService       : User found for email: vamsi_mangapathi
2026-03-06T04:10:45.083+05:30  INFO 5320 --- [http-nio-8080-exec-6] o.r.revconnect.service.AuthService       : Generated 6-digit OTP: 085254
2026-03-06T04:10:45.121+05:30  INFO 5320 --- [http-nio-8080-exec-6] o.r.revconnect.service.AuthService       : Password reset token (OTP) saved successfully for user: vamsi_mangapathi
2026-03-06T04:10:45.121+05:30  INFO 5320 --- [http-nio-8080-exec-6] o.r.revconnect.service.AuthService       : Calling email service to send OTP...
2026-03-06T04:10:45.121+05:30  INFO 5320 --- [http-nio-8080-exec-6] o.r.revconnect.service.EmailService      : Attempting to send real OTP email to: vamcsiyadav1@gmail.com
2026-03-06T04:10:51.097+05:30  INFO 5320 --- [http-nio-8080-exec-6] o.r.revconnect.service.EmailService      : OTP email successfully sent to: vamcsiyadav1@gmail.com
2026-03-06T04:10:51.098+05:30  INFO 5320 --- [http-nio-8080-exec-6] o.r.revconnect.service.AuthService       : Forgot password process completed for email: vamcsiyadav1@gmail.com
2026-03-06T10:19:15.270+05:30  INFO 14940 --- [restartedMain] o.r.revconnect.RevconnectApplication     : Starting RevconnectApplication using Java 21.0.10 with PID 14940 (C:\Users\navee\OneDrive\Desktop\Git FOlder\REVCONNECT\target\classes started by navee in C:\Users\navee\OneDrive\Desktop\Git FOlder\REVCONNECT)
2026-03-06T10:19:15.273+05:30 DEBUG 14940 --- [restartedMain] o.r.revconnect.RevconnectApplication     : Running with Spring Boot v3.2.2, Spring v6.1.3
2026-03-06T10:19:15.276+05:30  INFO 14940 --- [restartedMain] o.r.revconnect.RevconnectApplication     : No active profile set, falling back to 1 default profile: "default"
2026-03-06T10:19:15.396+05:30  INFO 14940 --- [restartedMain] .e.DevToolsPropertyDefaultsPostProcessor : Devtools property defaults active! Set 'spring.devtools.add-properties' to 'false' to disable
2026-03-06T10:19:15.397+05:30  INFO 14940 --- [restartedMain] .e.DevToolsPropertyDefaultsPostProcessor : For additional web related logging consider setting the 'logging.level.web' property to 'DEBUG'
2026-03-06T10:19:20.148+05:30  INFO 14940 --- [restartedMain] .s.d.r.c.RepositoryConfigurationDelegate : Bootstrapping Spring Data JPA repositories in DEFAULT mode.
2026-03-06T10:19:20.343+05:30  INFO 14940 --- [restartedMain] .s.d.r.c.RepositoryConfigurationDelegate : Finished Spring Data repository scanning in 179 ms. Found 17 JPA repository interfaces.
2026-03-06T10:19:21.955+05:30  INFO 14940 --- [restartedMain] o.s.b.w.embedded.tomcat.TomcatWebServer  : Tomcat initialized with port 8080 (http)
2026-03-06T10:19:21.976+05:30  INFO 14940 --- [restartedMain] o.apache.catalina.core.StandardService   : Starting service [Tomcat]
2026-03-06T10:19:21.977+05:30  INFO 14940 --- [restartedMain] o.apache.catalina.core.StandardEngine    : Starting Servlet engine: [Apache Tomcat/10.1.18]
2026-03-06T10:19:22.081+05:30  INFO 14940 --- [restartedMain] o.a.c.c.C.[Tomcat].[localhost].[/]       : Initializing Spring embedded WebApplicationContext
2026-03-06T10:19:22.081+05:30  INFO 14940 --- [restartedMain] w.s.c.ServletWebServerApplicationContext : Root WebApplicationContext: initialization completed in 6683 ms
2026-03-06T10:19:22.374+05:30  INFO 14940 --- [restartedMain] o.hibernate.jpa.internal.util.LogHelper  : HHH000204: Processing PersistenceUnitInfo [name: default]
2026-03-06T10:19:22.488+05:30  INFO 14940 --- [restartedMain] org.hibernate.Version                    : HHH000412: Hibernate ORM core version 6.4.1.Final
2026-03-06T10:19:22.980+05:30  INFO 14940 --- [restartedMain] o.h.c.internal.RegionFactoryInitiator    : HHH000026: Second-level cache disabled
2026-03-06T10:19:23.452+05:30  INFO 14940 --- [restartedMain] o.s.o.j.p.SpringPersistenceUnitInfo      : No LoadTimeWeaver setup: ignoring JPA class transformer
2026-03-06T10:19:23.511+05:30  INFO 14940 --- [restartedMain] com.zaxxer.hikari.HikariDataSource       : HikariPool-1 - Starting...
2026-03-06T10:19:24.266+05:30  INFO 14940 --- [restartedMain] com.zaxxer.hikari.pool.HikariPool        : HikariPool-1 - Added connection com.mysql.cj.jdbc.ConnectionImpl@af88e13
2026-03-06T10:19:24.269+05:30  INFO 14940 --- [restartedMain] com.zaxxer.hikari.HikariDataSource       : HikariPool-1 - Start completed.
2026-03-06T10:19:24.384+05:30  WARN 14940 --- [restartedMain] org.hibernate.orm.deprecation            : HHH90000025: MySQLDialect does not need to be specified explicitly using 'hibernate.dialect' (remove the property setting and it will be selected by default)
2026-03-06T10:19:27.182+05:30  INFO 14940 --- [restartedMain] o.h.e.t.j.p.i.JtaPlatformInitiator       : HHH000489: No JTA platform available (set 'hibernate.transaction.jta.platform' to enable JTA platform integration)
2026-03-06T10:19:27.634+05:30  INFO 14940 --- [restartedMain] j.LocalContainerEntityManagerFactoryBean : Initialized JPA EntityManagerFactory for persistence unit 'default'
2026-03-06T10:19:28.049+05:30  INFO 14940 --- [restartedMain] o.s.d.j.r.query.QueryEnhancerFactory     : Hibernate is in classpath; If applicable, HQL parser will be used.
2026-03-06T10:19:29.504+05:30 DEBUG 14940 --- [restartedMain] o.r.r.security.JwtAuthenticationFilter   : Filter 'jwtAuthenticationFilter' configured for use
2026-03-06T10:19:31.968+05:30  WARN 14940 --- [restartedMain] JpaBaseConfiguration$JpaWebConfiguration : spring.jpa.open-in-view is enabled by default. Therefore, database queries may be performed during view rendering. Explicitly configure spring.jpa.open-in-view to disable this warning
2026-03-06T10:19:32.622+05:30  INFO 14940 --- [restartedMain] o.s.s.web.DefaultSecurityFilterChain     : Will secure any request with [org.springframework.security.web.session.DisableEncodeUrlFilter@74863831, org.springframework.security.web.context.request.async.WebAsyncManagerIntegrationFilter@43b55ffd, org.springframework.security.web.context.SecurityContextHolderFilter@355dd3ae, org.springframework.security.web.header.HeaderWriterFilter@70b0a04d, org.springframework.web.filter.CorsFilter@718c0ebf, org.springframework.security.web.authentication.logout.LogoutFilter@75e2add7, org.revature.revconnect.security.JwtAuthenticationFilter@2917ac33, org.springframework.security.web.savedrequest.RequestCacheAwareFilter@527717f1, org.springframework.security.web.servletapi.SecurityContextHolderAwareRequestFilter@16eb33b5, org.springframework.security.web.authentication.AnonymousAuthenticationFilter@4ad6bba, org.springframework.security.web.session.SessionManagementFilter@66859892, org.springframework.security.web.access.ExceptionTranslationFilter@54730ef, org.springframework.security.web.access.intercept.AuthorizationFilter@7598f276]
2026-03-06T10:19:33.296+05:30  INFO 14940 --- [restartedMain] o.s.b.d.a.OptionalLiveReloadServer       : LiveReload server is running on port 35729
2026-03-06T10:19:33.371+05:30  INFO 14940 --- [restartedMain] o.s.b.w.embedded.tomcat.TomcatWebServer  : Tomcat started on port 8080 (http) with context path ''
2026-03-06T10:19:33.376+05:30  INFO 14940 --- [restartedMain] o.s.m.s.b.SimpleBrokerMessageHandler     : Starting...
2026-03-06T10:19:33.380+05:30  INFO 14940 --- [restartedMain] o.s.m.s.b.SimpleBrokerMessageHandler     : BrokerAvailabilityEvent[available=true, SimpleBrokerMessageHandler [org.springframework.messaging.simp.broker.DefaultSubscriptionRegistry@30baffff]]
2026-03-06T10:19:33.381+05:30  INFO 14940 --- [restartedMain] o.s.m.s.b.SimpleBrokerMessageHandler     : Started.
2026-03-06T10:19:33.396+05:30  INFO 14940 --- [restartedMain] o.r.revconnect.RevconnectApplication     : Started RevconnectApplication in 20.07 seconds (process running for 21.305)
2026-03-06T10:20:33.344+05:30  INFO 14940 --- [MessageBroker-1] o.s.w.s.c.WebSocketMessageBrokerStats    : WebSocketSession[0 current WS(0)-HttpStream(0)-HttpPoll(0), 0 total, 0 closed abnormally (0 connect failure, 0 send limit, 0 transport error)], stompSubProtocol[processed CONNECT(0)-CONNECTED(0)-DISCONNECT(0)], stompBrokerRelay[null], inboundChannel[pool size = 0, active threads = 0, queued tasks = 0, completed tasks = 0], outboundChannel[pool size = 0, active threads = 0, queued tasks = 0, completed tasks = 0], sockJsScheduler[pool size = 1, active threads = 1, queued tasks = 0, completed tasks = 0]
2026-03-06T10:23:01.421+05:30  WARN 14940 --- [HikariPool-1 housekeeper] com.zaxxer.hikari.pool.HikariPool        : HikariPool-1 - Thread starvation or clock leap detected (housekeeper delta=1m6s990ms370µs100ns).
2026-03-06T10:23:30.269+05:30  INFO 14940 --- [SpringApplicationShutdownHook] o.s.m.s.b.SimpleBrokerMessageHandler     : Stopping...
2026-03-06T10:23:30.271+05:30  INFO 14940 --- [SpringApplicationShutdownHook] o.s.m.s.b.SimpleBrokerMessageHandler     : BrokerAvailabilityEvent[available=false, SimpleBrokerMessageHandler [org.springframework.messaging.simp.broker.DefaultSubscriptionRegistry@30baffff]]
2026-03-06T10:23:30.271+05:30  INFO 14940 --- [SpringApplicationShutdownHook] o.s.m.s.b.SimpleBrokerMessageHandler     : Stopped.
2026-03-06T10:23:30.312+05:30  INFO 14940 --- [SpringApplicationShutdownHook] j.LocalContainerEntityManagerFactoryBean : Closing JPA EntityManagerFactory for persistence unit 'default'
2026-03-06T10:23:30.322+05:30  INFO 14940 --- [SpringApplicationShutdownHook] com.zaxxer.hikari.HikariDataSource       : HikariPool-1 - Shutdown initiated...
2026-03-06T10:23:30.338+05:30  INFO 14940 --- [SpringApplicationShutdownHook] com.zaxxer.hikari.HikariDataSource       : HikariPool-1 - Shutdown completed.
